\BOOKMARK [1][-]{section.1}{\376\377\000I\000n\000t\000r\000o\000d\000u\000c\000t\000i\000o\000n}{}% 1
\BOOKMARK [1][-]{section.2}{\376\377\000F\000o\000r\000w\000a\000r\000d\000\040\000a\000n\000d\000\040\000i\000n\000v\000e\000r\000s\000e\000\040\000D\000C\000-\000O\000P\000F}{}% 2
\BOOKMARK [1][-]{section.3}{\376\377\000I\000d\000e\000n\000t\000i\000f\000i\000a\000b\000i\000l\000i\000t\000y}{}% 3
\BOOKMARK [1][-]{section.4}{\376\377\000M\000e\000t\000h\000o\000d\000s}{}% 4
\BOOKMARK [2][-]{subsection.4.1}{\376\377\000D\000i\000f\000f\000e\000r\000e\000n\000t\000i\000a\000b\000l\000e\000\040\000e\000s\000t\000i\000m\000a\000t\000o\000r}{section.4}% 5
\BOOKMARK [2][-]{subsection.4.2}{\376\377\000K\000K\000T\000-\000r\000e\000s\000i\000d\000u\000a\000l\000\040\000b\000a\000s\000e\000l\000i\000n\000e}{section.4}% 6
\BOOKMARK [2][-]{subsection.4.3}{\376\377\000R\000e\000g\000r\000e\000s\000s\000i\000o\000n\000\040\000b\000a\000s\000e\000l\000i\000n\000e\000s}{section.4}% 7
\BOOKMARK [2][-]{subsection.4.4}{\376\377\000I\000m\000p\000l\000e\000m\000e\000n\000t\000a\000t\000i\000o\000n}{section.4}% 8
\BOOKMARK [1][-]{section.5}{\376\377\000E\000x\000p\000e\000r\000i\000m\000e\000n\000t\000s}{}% 9
\BOOKMARK [2][-]{subsection.5.1}{\376\377\000H\000e\000a\000d\000l\000i\000n\000e\000\040\000c\000o\000m\000p\000a\000r\000i\000s\000o\000n\000\040\000o\000n\000\040\000s\000y\000n\000t\000h\000e\000t\000i\000c\000\040\000n\000e\000t\000w\000o\000r\000k\000s}{section.5}% 10
\BOOKMARK [2][-]{subsection.5.2}{\376\377\000I\000d\000e\000n\000t\000i\000f\000i\000a\000b\000i\000l\000i\000t\000y\000\040\000v\000a\000l\000i\000d\000a\000t\000i\000o\000n}{section.5}% 11
\BOOKMARK [2][-]{subsection.5.3}{\376\377\000D\000i\000u\000r\000n\000a\000l\000\040\000c\000o\000s\000t\000\040\000r\000e\000c\000o\000v\000e\000r\000y}{section.5}% 12
\BOOKMARK [2][-]{subsection.5.4}{\376\377\000P\000J\000M\000-\000l\000i\000k\000e\000\040\000e\000c\000o\000n\000o\000m\000i\000c\000\040\000d\000i\000s\000p\000a\000t\000c\000h}{section.5}% 13
\BOOKMARK [2][-]{subsection.5.5}{\376\377\000D\000o\000w\000n\000s\000t\000r\000e\000a\000m\000\040\000s\000e\000n\000s\000i\000t\000i\000v\000i\000t\000i\000e\000s}{section.5}% 14
\BOOKMARK [2][-]{subsection.5.6}{\376\377\000S\000a\000m\000p\000l\000e\000-\000s\000i\000z\000e\000\040\000a\000n\000d\000\040\000n\000o\000i\000s\000e\000\040\000s\000w\000e\000e\000p\000s}{section.5}% 15
\BOOKMARK [2][-]{subsection.5.7}{\376\377\000W\000a\000r\000m\000s\000t\000a\000r\000t\000\040\000a\000n\000d\000\040\000t\000i\000m\000i\000n\000g}{section.5}% 16
\BOOKMARK [2][-]{subsection.5.8}{\376\377\000e\000p\000s\000-\000i\000n\000s\000e\000n\000s\000i\000t\000i\000v\000e\000\040\000l\000o\000s\000s}{section.5}% 17
\BOOKMARK [2][-]{subsection.5.9}{\376\377\000D\000o\000w\000n\000s\000t\000r\000e\000a\000m\000\040\000c\000o\000u\000n\000t\000e\000r\000f\000a\000c\000t\000u\000a\000l\000\040\000C\000O\0002\000\040\000a\000n\000a\000l\000y\000s\000i\000s}{section.5}% 18
\BOOKMARK [2][-]{subsection.5.10}{\376\377\000M\000a\000r\000g\000i\000n\000a\000l\000\040\000e\000m\000i\000s\000s\000i\000o\000n\000\040\000f\000a\000c\000t\000o\000r\000\040\000r\000e\000c\000o\000v\000e\000r\000y}{section.5}% 19
\BOOKMARK [1][-]{section.6}{\376\377\000D\000i\000s\000c\000u\000s\000s\000i\000o\000n\000\040\000a\000n\000d\000\040\000l\000i\000m\000i\000t\000a\000t\000i\000o\000n\000s}{}% 20
\BOOKMARK [1][-]{section.7}{\376\377\000C\000o\000n\000c\000l\000u\000s\000i\000o\000n}{}% 21
\BOOKMARK [1][-]{section*.2}{\376\377\000R\000e\000f\000e\000r\000e\000n\000c\000e\000s}{}% 22
